<?xml version="1.0" encoding="UTF-8"?>
<!-- Generated by org.testng.reporters.JUnitReportReporter -->
<testsuite hostname="SRIKRISHNA" failures="0" tests="2" name="com.automation.testscripts.TC_001_AddRemoveCart" time="13.945" errors="0" timestamp="2025-03-01T08:53:34 IST" skipped="0">
  <testcase classname="com.automation.testscripts.TC_001_AddRemoveCart" name="addRemoveCart" time="6.985"/>
  <testcase classname="com.automation.testscripts.TC_001_AddRemoveCart" name="addRemoveCart" time="6.960"/>
</testsuite> <!-- com.automation.testscripts.TC_001_AddRemoveCart -->
