<?xml version="1.0" encoding="UTF-8"?>
<!-- Generated by org.testng.reporters.JUnitReportReporter -->
<testsuite hostname="SRIKRISHNA" failures="0" tests="2" name="com.automation.testscripts.TC_003_AddRemoveCart" time="1.865" errors="0" timestamp="2025-03-01T09:21:21 IST" skipped="0">
  <testcase classname="com.automation.testscripts.TC_003_AddRemoveCart" name="addRemoveCart" time="0.788"/>
  <testcase classname="com.automation.testscripts.TC_003_AddRemoveCart" name="addRemoveCart" time="1.077"/>
</testsuite> <!-- com.automation.testscripts.TC_003_AddRemoveCart -->
