<?xml version="1.0" encoding="UTF-8"?>
<!-- Generated by org.testng.reporters.JUnitReportReporter -->
<testsuite hostname="SRIKRISHNA" failures="0" tests="1" name="com.automation.testscripts.TC_002_AddRemoveCart" time="1.351" errors="0" timestamp="2025-03-01T09:16:13 IST" skipped="0">
  <testcase classname="com.automation.testscripts.TC_002_AddRemoveCart" name="addRemoveCart" time="1.351"/>
</testsuite> <!-- com.automation.testscripts.TC_002_AddRemoveCart -->
